<?xml version="1.0" encoding="UTF-8"?>
<!-- Generated by org.testng.reporters.JUnitReportReporter -->
<testsuite hostname="BRIJENDRA" failures="0" tests="1" name="HomePage.verifyTheHomePage" time="32.411" errors="0" timestamp="2023-07-18T21:15:12 IST" skipped="0">
  <testcase classname="HomePage.verifyTheHomePage" name="toVerifyTheHomePage" time="32.411"/>
</testsuite> <!-- HomePage.verifyTheHomePage -->
